[debug] [2023-08-22T09:13:02.482Z] ----------------------------------------------------------------------
[debug] [2023-08-22T09:13:02.484Z] Command:       C:\Program Files\nodejs\node.exe C:\Users\i\AppData\Roaming\npm\node_modules\firebase-tools\lib\bin\firebase.js deploy
[debug] [2023-08-22T09:13:02.484Z] CLI Version:   12.4.8
[debug] [2023-08-22T09:13:02.484Z] Platform:      win32
[debug] [2023-08-22T09:13:02.484Z] Node Version:  v20.5.0
[debug] [2023-08-22T09:13:02.484Z] Time:          Tue Aug 22 2023 14:43:02 GMT+0530 (India Standard Time)
[debug] [2023-08-22T09:13:02.484Z] ----------------------------------------------------------------------
[debug] 
[debug] [2023-08-22T09:13:02.538Z] > command requires scopes: ["email","openid","https://www.googleapis.com/auth/cloudplatformprojects.readonly","https://www.googleapis.com/auth/firebase","https://www.googleapis.com/auth/cloud-platform"]
[debug] [2023-08-22T09:13:02.538Z] > authorizing via signed-in user (admin@xyvin.com)
[debug] [2023-08-22T09:13:02.539Z] [iam] checking project sastha-security-service-fdb81 for permissions ["firebase.projects.get","firebasehosting.sites.update"]
[debug] [2023-08-22T09:13:02.539Z] > refreshing access token with scopes: []
[debug] [2023-08-22T09:13:02.540Z] >>> [apiv2][query] POST https://www.googleapis.com/oauth2/v3/token [none]
[debug] [2023-08-22T09:13:02.541Z] >>> [apiv2][body] POST https://www.googleapis.com/oauth2/v3/token [omitted]
[debug] [2023-08-22T09:13:02.776Z] <<< [apiv2][status] POST https://www.googleapis.com/oauth2/v3/token 400
[debug] [2023-08-22T09:13:02.776Z] <<< [apiv2][body] POST https://www.googleapis.com/oauth2/v3/token [omitted]
[debug] [2023-08-22T09:13:02.776Z] >>> [apiv2][query] POST https://cloudresourcemanager.googleapis.com/v1/projects/sastha-security-service-fdb81:testIamPermissions [none]
[debug] [2023-08-22T09:13:02.776Z] >>> [apiv2][(partial)header] POST https://cloudresourcemanager.googleapis.com/v1/projects/sastha-security-service-fdb81:testIamPermissions x-goog-quota-user=projects/sastha-security-service-fdb81
[debug] [2023-08-22T09:13:02.776Z] >>> [apiv2][body] POST https://cloudresourcemanager.googleapis.com/v1/projects/sastha-security-service-fdb81:testIamPermissions {"permissions":["firebase.projects.get","firebasehosting.sites.update"]}
[debug] [2023-08-22T09:13:04.129Z] <<< [apiv2][status] POST https://cloudresourcemanager.googleapis.com/v1/projects/sastha-security-service-fdb81:testIamPermissions 401
[debug] [2023-08-22T09:13:04.129Z] <<< [apiv2][body] POST https://cloudresourcemanager.googleapis.com/v1/projects/sastha-security-service-fdb81:testIamPermissions {"error":{"code":401,"message":"Request had invalid authentication credentials. Expected OAuth 2 access token, login cookie or other valid authentication credential. See https://developers.google.com/identity/sign-in/web/devconsole-project.","status":"UNAUTHENTICATED","details":[{"@type":"type.googleapis.com/google.rpc.ErrorInfo","reason":"ACCESS_TOKEN_TYPE_UNSUPPORTED","metadata":{"service":"cloudresourcemanager.googleapis.com","method":"google.cloudresourcemanager.v1.Projects.TestIamPermissions"}}]}}
[debug] [2023-08-22T09:13:04.130Z] [iam] error while checking permissions, command may fail: FirebaseError: HTTP Error: 401, Request had invalid authentication credentials. Expected OAuth 2 access token, login cookie or other valid authentication credential. See https://developers.google.com/identity/sign-in/web/devconsole-project.
[debug] [2023-08-22T09:13:04.130Z] > refreshing access token with scopes: []
[debug] [2023-08-22T09:13:04.130Z] >>> [apiv2][query] POST https://www.googleapis.com/oauth2/v3/token [none]
[debug] [2023-08-22T09:13:04.130Z] >>> [apiv2][body] POST https://www.googleapis.com/oauth2/v3/token [omitted]
[debug] [2023-08-22T09:13:04.227Z] <<< [apiv2][status] POST https://www.googleapis.com/oauth2/v3/token 400
[debug] [2023-08-22T09:13:04.227Z] <<< [apiv2][body] POST https://www.googleapis.com/oauth2/v3/token [omitted]
[debug] [2023-08-22T09:13:04.227Z] >>> [apiv2][query] GET https://firebase.googleapis.com/v1beta1/projects/sastha-security-service-fdb81 [none]
[debug] [2023-08-22T09:13:04.568Z] <<< [apiv2][status] GET https://firebase.googleapis.com/v1beta1/projects/sastha-security-service-fdb81 401
[debug] [2023-08-22T09:13:04.568Z] <<< [apiv2][body] GET https://firebase.googleapis.com/v1beta1/projects/sastha-security-service-fdb81 {"error":{"code":401,"message":"Request had invalid authentication credentials. Expected OAuth 2 access token, login cookie or other valid authentication credential. See https://developers.google.com/identity/sign-in/web/devconsole-project.","status":"UNAUTHENTICATED"}}
[debug] [2023-08-22T09:13:04.568Z] HTTP Error: 401, Request had invalid authentication credentials. Expected OAuth 2 access token, login cookie or other valid authentication credential. See https://developers.google.com/identity/sign-in/web/devconsole-project.
[debug] [2023-08-22T09:13:04.722Z] FirebaseError: HTTP Error: 401, Request had invalid authentication credentials. Expected OAuth 2 access token, login cookie or other valid authentication credential. See https://developers.google.com/identity/sign-in/web/devconsole-project.
    at responseToError (C:\Users\i\AppData\Roaming\npm\node_modules\firebase-tools\lib\responseToError.js:49:12)
    at RetryOperation._fn (C:\Users\i\AppData\Roaming\npm\node_modules\firebase-tools\lib\apiv2.js:285:77)
    at process.processTicksAndRejections (node:internal/process/task_queues:95:5)
[error] 
[error] Error: Failed to get Firebase project sastha-security-service-fdb81. Please make sure the project exists and your account has permission to access it.
